{"level":"error","message":"Couldn't get genres","stack":"Error: Couldn't get genres\n    at C:\\Users\\Gostar\\Desktop\\node\\vidly-node\\routes\\genres.js:8:9\n    at newFn (C:\\Users\\Gostar\\Desktop\\node\\vidly-node\\node_modules\\express-async-errors\\index.js:16:20)\n    at Layer.handle [as handle_request] (C:\\Users\\Gostar\\Desktop\\node\\vidly-node\\node_modules\\express\\lib\\router\\layer.js:95:5)\n    at next (C:\\Users\\Gostar\\Desktop\\node\\vidly-node\\node_modules\\express\\lib\\router\\route.js:137:13)\n    at Route.dispatch (C:\\Users\\Gostar\\Desktop\\node\\vidly-node\\node_modules\\express\\lib\\router\\route.js:112:3)\n    at newFn (C:\\Users\\Gostar\\Desktop\\node\\vidly-node\\node_modules\\express-async-errors\\index.js:16:20)\n    at Layer.handle [as handle_request] (C:\\Users\\Gostar\\Desktop\\node\\vidly-node\\node_modules\\express\\lib\\router\\layer.js:95:5)\n    at C:\\Users\\Gostar\\Desktop\\node\\vidly-node\\node_modules\\express\\lib\\router\\index.js:281:22\n    at Function.process_params (C:\\Users\\Gostar\\Desktop\\node\\vidly-node\\node_modules\\express\\lib\\router\\index.js:335:12)\n    at next (C:\\Users\\Gostar\\Desktop\\node\\vidly-node\\node_modules\\express\\lib\\router\\index.js:275:10)\n    at Function.handle (C:\\Users\\Gostar\\Desktop\\node\\vidly-node\\node_modules\\express\\lib\\router\\index.js:174:3)\n    at router (C:\\Users\\Gostar\\Desktop\\node\\vidly-node\\node_modules\\express\\lib\\router\\index.js:47:12)\n    at newFn (C:\\Users\\Gostar\\Desktop\\node\\vidly-node\\node_modules\\express-async-errors\\index.js:16:20)\n    at Layer.handle [as handle_request] (C:\\Users\\Gostar\\Desktop\\node\\vidly-node\\node_modules\\express\\lib\\router\\layer.js:95:5)\n    at trim_prefix (C:\\Users\\Gostar\\Desktop\\node\\vidly-node\\node_modules\\express\\lib\\router\\index.js:317:13)\n    at C:\\Users\\Gostar\\Desktop\\node\\vidly-node\\node_modules\\express\\lib\\router\\index.js:284:7\n    at Function.process_params (C:\\Users\\Gostar\\Desktop\\node\\vidly-node\\node_modules\\express\\lib\\router\\index.js:335:12)\n    at next (C:\\Users\\Gostar\\Desktop\\node\\vidly-node\\node_modules\\express\\lib\\router\\index.js:275:10)\n    at jsonParser (C:\\Users\\Gostar\\Desktop\\node\\vidly-node\\node_modules\\body-parser\\lib\\types\\json.js:110:7)\n    at newFn (C:\\Users\\Gostar\\Desktop\\node\\vidly-node\\node_modules\\express-async-errors\\index.js:16:20)\n    at Layer.handle [as handle_request] (C:\\Users\\Gostar\\Desktop\\node\\vidly-node\\node_modules\\express\\lib\\router\\layer.js:95:5)\n    at trim_prefix (C:\\Users\\Gostar\\Desktop\\node\\vidly-node\\node_modules\\express\\lib\\router\\index.js:317:13)"}
{"level":"error","message":"Couldn't get genres","stack":"Error: Couldn't get genres\n    at C:\\Users\\Gostar\\Desktop\\node\\vidly-node\\routes\\genres.js:8:9\n    at newFn (C:\\Users\\Gostar\\Desktop\\node\\vidly-node\\node_modules\\express-async-errors\\index.js:16:20)\n    at Layer.handle [as handle_request] (C:\\Users\\Gostar\\Desktop\\node\\vidly-node\\node_modules\\express\\lib\\router\\layer.js:95:5)\n    at next (C:\\Users\\Gostar\\Desktop\\node\\vidly-node\\node_modules\\express\\lib\\router\\route.js:137:13)\n    at Route.dispatch (C:\\Users\\Gostar\\Desktop\\node\\vidly-node\\node_modules\\express\\lib\\router\\route.js:112:3)\n    at newFn (C:\\Users\\Gostar\\Desktop\\node\\vidly-node\\node_modules\\express-async-errors\\index.js:16:20)\n    at Layer.handle [as handle_request] (C:\\Users\\Gostar\\Desktop\\node\\vidly-node\\node_modules\\express\\lib\\router\\layer.js:95:5)\n    at C:\\Users\\Gostar\\Desktop\\node\\vidly-node\\node_modules\\express\\lib\\router\\index.js:281:22\n    at Function.process_params (C:\\Users\\Gostar\\Desktop\\node\\vidly-node\\node_modules\\express\\lib\\router\\index.js:335:12)\n    at next (C:\\Users\\Gostar\\Desktop\\node\\vidly-node\\node_modules\\express\\lib\\router\\index.js:275:10)\n    at Function.handle (C:\\Users\\Gostar\\Desktop\\node\\vidly-node\\node_modules\\express\\lib\\router\\index.js:174:3)\n    at router (C:\\Users\\Gostar\\Desktop\\node\\vidly-node\\node_modules\\express\\lib\\router\\index.js:47:12)\n    at newFn (C:\\Users\\Gostar\\Desktop\\node\\vidly-node\\node_modules\\express-async-errors\\index.js:16:20)\n    at Layer.handle [as handle_request] (C:\\Users\\Gostar\\Desktop\\node\\vidly-node\\node_modules\\express\\lib\\router\\layer.js:95:5)\n    at trim_prefix (C:\\Users\\Gostar\\Desktop\\node\\vidly-node\\node_modules\\express\\lib\\router\\index.js:317:13)\n    at C:\\Users\\Gostar\\Desktop\\node\\vidly-node\\node_modules\\express\\lib\\router\\index.js:284:7\n    at Function.process_params (C:\\Users\\Gostar\\Desktop\\node\\vidly-node\\node_modules\\express\\lib\\router\\index.js:335:12)\n    at next (C:\\Users\\Gostar\\Desktop\\node\\vidly-node\\node_modules\\express\\lib\\router\\index.js:275:10)\n    at jsonParser (C:\\Users\\Gostar\\Desktop\\node\\vidly-node\\node_modules\\body-parser\\lib\\types\\json.js:110:7)\n    at newFn (C:\\Users\\Gostar\\Desktop\\node\\vidly-node\\node_modules\\express-async-errors\\index.js:16:20)\n    at Layer.handle [as handle_request] (C:\\Users\\Gostar\\Desktop\\node\\vidly-node\\node_modules\\express\\lib\\router\\layer.js:95:5)\n    at trim_prefix (C:\\Users\\Gostar\\Desktop\\node\\vidly-node\\node_modules\\express\\lib\\router\\index.js:317:13)"}
{"level":"error","message":"Something failed during startup.","stack":"Error: Something failed during startup.\n    at Object.<anonymous> (C:\\Users\\Gostar\\Desktop\\node\\vidly-node\\index.js:32:7)\n    at Module._compile (internal/modules/cjs/loader.js:1133:30)\n    at Object.Module._extensions..js (internal/modules/cjs/loader.js:1153:10)\n    at Module.load (internal/modules/cjs/loader.js:977:32)\n    at Function.Module._load (internal/modules/cjs/loader.js:877:14)\n    at Function.executeUserEntryPoint [as runMain] (internal/modules/run_main.js:74:12)\n    at internal/main/run_main_module.js:18:47"}
{"level":"error","message":"Something failed miserably!","stack":"Error: Something failed miserably!\n    at Object.<anonymous> (C:\\Users\\Gostar\\Desktop\\node\\vidly-node\\index.js:37:26)\n    at Module._compile (internal/modules/cjs/loader.js:1133:30)\n    at Object.Module._extensions..js (internal/modules/cjs/loader.js:1153:10)\n    at Module.load (internal/modules/cjs/loader.js:977:32)\n    at Function.Module._load (internal/modules/cjs/loader.js:877:14)\n    at Function.executeUserEntryPoint [as runMain] (internal/modules/run_main.js:74:12)\n    at internal/main/run_main_module.js:18:47"}
{"level":"error","message":"Something failed miserably!","stack":"Error: Something failed miserably!\n    at Object.<anonymous> (C:\\Users\\Gostar\\Desktop\\node\\vidly-node\\index.js:37:26)\n    at Module._compile (internal/modules/cjs/loader.js:1133:30)\n    at Object.Module._extensions..js (internal/modules/cjs/loader.js:1153:10)\n    at Module.load (internal/modules/cjs/loader.js:977:32)\n    at Function.Module._load (internal/modules/cjs/loader.js:877:14)\n    at Function.executeUserEntryPoint [as runMain] (internal/modules/run_main.js:74:12)\n    at internal/main/run_main_module.js:18:47"}
{"message":"Connected to MongoDB...","level":"info"}
{"message":"Connected to MongoDB...","level":"info"}
{"message":"Connected to MongoDB...","level":"info"}
{"message":"Connected to MongoDB...","level":"info"}
{"message":"Connected to MongoDB...","level":"info"}
{"message":"Connected to MongoDB...","level":"info"}
{"message":"Connected to MongoDB...","level":"info"}
{"message":"Connected to MongoDB...","level":"info"}
{"message":"Connected to MongoDB...","level":"info"}
{"message":"Connected to MongoDB...","level":"info"}
{"message":"Connected to MongoDB...","level":"info"}
{"message":"Connected to MongoDB...","level":"info"}
{"message":"Connected to MongoDB...","level":"info"}
{"message":"Connected to MongoDB...","level":"info"}
{"message":"Connected to MongoDB...","level":"info"}
{"message":"Connected to MongoDB...","level":"info"}
{"message":"Connected to MongoDB...","level":"info"}
{"message":"Connected to MongoDB...","level":"info"}
{"message":"Connected to MongoDB...","level":"info"}
{"message":"Connected to MongoDB...","level":"info"}
{"message":"Connected to MongoDB...","level":"info"}
{"message":"Connected to MongoDB...","level":"info"}
{"message":"Connected to MongoDB...","level":"info"}
{"message":"Connected to MongoDB...","level":"info"}
{"message":"Listening on port 3900...","level":"info"}
{"message":"Connected to MongoDB...","level":"info"}
{"message":"Listening on port 3900...","level":"info"}
{"message":"Connected to MongoDB...","level":"info"}
{"message":"Connected to MongoDB...","level":"info"}
{"message":"Listening on port 3900...","level":"info"}
{"message":"Connected to MongoDB...","level":"info"}
{"message":"Listening on port 3900...","level":"info"}
{"message":"Connected to MongoDB...","level":"info"}
{"message":"Listening on port 3900...","level":"info"}
{"message":"Connected to MongoDB...","level":"info"}
{"message":"Listening on port 3900...","level":"info"}
{"message":"Connected to MongoDB...","level":"info"}
{"message":"Connected to MongoDB...","level":"info"}
{"message":"Listening on port 3900...","level":"info"}
{"message":"Connected to MongoDB...","level":"info"}
